# JRE version: OpenJDK Runtime Environment JBR-11.0.9.11-944.49-jcef (11.0.9+11) (build 11.0.9+11-b944.49)
# Java VM: OpenJDK 64-Bit Server VM JBR-11.0.9.11-944.49-jcef (11.0.9+11-b944.49, mixed mode, tiered, compressed oops, g1 gc, windows-amd64)
Heap:
 garbage-first heap   total 187392K, used 41495K [0x0000000082400000, 0x0000000100000000)
  region size 1024K, 9 young (9216K), 9 survivors (9216K)
 Metaspace       used 52304K, capacity 54092K, committed 54224K, reserved 1095680K
  class space    used 6559K, capacity 7283K, committed 7296K, reserved 1048576K
GC Heap History (20 events):
Event: 2.964 GC heap after
{Heap after GC invocations=2 (full 0):
 garbage-first heap   total 129024K, used 6398K [0x0000000082400000, 0x0000000100000000)
  region size 1024K, 2 young (2048K), 2 survivors (2048K)
 Metaspace       used 13912K, capacity 14270K, committed 14464K, reserved 1062912K
  class space    used 1458K, capacity 1589K, committed 1664K, reserved 1048576K
}
Event: 3.475 GC heap before
{Heap before GC invocations=2 (full 0):
 garbage-first heap   total 129024K, used 31998K [0x0000000082400000, 0x0000000100000000)
  region size 1024K, 28 young (28672K), 2 survivors (2048K)
 Metaspace       used 17221K, capacity 17691K, committed 18048K, reserved 1064960K
  class space    used 1893K, capacity 2056K, committed 2176K, reserved 1048576K
}
Event: 3.481 GC heap after
{Heap after GC invocations=3 (full 0):
 garbage-first heap   total 129024K, used 7299K [0x0000000082400000, 0x0000000100000000)
  region size 1024K, 3 young (3072K), 3 survivors (3072K)
 Metaspace       used 17221K, capacity 17691K, committed 18048K, reserved 1064960K
  class space    used 1893K, capacity 2056K, committed 2176K, reserved 1048576K
}
Event: 4.068 GC heap before
{Heap before GC invocations=3 (full 0):
 garbage-first heap   total 129024K, used 24707K [0x0000000082400000, 0x0000000100000000)
  region size 1024K, 21 young (21504K), 3 survivors (3072K)
 Metaspace       used 20531K, capacity 21175K, committed 21296K, reserved 1069056K
  class space    used 2379K, capacity 2635K, committed 2688K, reserved 1048576K
}
Event: 4.078 GC heap after
{Heap after GC invocations=4 (full 0):
 garbage-first heap   total 129024K, used 8322K [0x0000000082400000, 0x0000000100000000)
  region size 1024K, 4 young (4096K), 4 survivors (4096K)
 Metaspace       used 20531K, capacity 21175K, committed 21296K, reserved 1069056K
  class space    used 2379K, capacity 2635K, committed 2688K, reserved 1048576K
}
Event: 5.235 GC heap before
{Heap before GC invocations=5 (full 0):
 garbage-first heap   total 129024K, used 51330K [0x0000000082400000, 0x0000000100000000)
  region size 1024K, 47 young (48128K), 4 survivors (4096K)
 Metaspace       used 24989K, capacity 25889K, committed 26160K, reserved 1073152K
  class space    used 2986K, capacity 3356K, committed 3456K, reserved 1048576K
}
Event: 5.243 GC heap after
{Heap after GC invocations=6 (full 0):
 garbage-first heap   total 129024K, used 10522K [0x0000000082400000, 0x0000000100000000)
  region size 1024K, 5 young (5120K), 5 survivors (5120K)
 Metaspace       used 24989K, capacity 25889K, committed 26160K, reserved 1073152K
  class space    used 2986K, capacity 3356K, committed 3456K, reserved 1048576K
}
Event: 6.158 GC heap before
{Heap before GC invocations=6 (full 0):
 garbage-first heap   total 129024K, used 69914K [0x0000000082400000, 0x0000000100000000)
  region size 1024K, 63 young (64512K), 5 survivors (5120K)
 Metaspace       used 30752K, capacity 31877K, committed 31920K, reserved 1077248K
  class space    used 3836K, capacity 4315K, committed 4352K, reserved 1048576K
}
Event: 6.169 GC heap after
{Heap after GC invocations=7 (full 0):
 garbage-first heap   total 129024K, used 13815K [0x0000000082400000, 0x0000000100000000)
  region size 1024K, 8 young (8192K), 8 survivors (8192K)
 Metaspace       used 30752K, capacity 31877K, committed 31920K, reserved 1077248K
  class space    used 3836K, capacity 4315K, committed 4352K, reserved 1048576K
}
Event: 6.633 GC heap before
{Heap before GC invocations=7 (full 0):
 garbage-first heap   total 129024K, used 82423K [0x0000000082400000, 0x0000000100000000)
  region size 1024K, 75 young (76800K), 8 survivors (8192K)
 Metaspace       used 34245K, capacity 35570K, committed 35760K, reserved 1081344K
  class space    used 4222K, capacity 4757K, committed 4864K, reserved 1048576K
}
Event: 6.648 GC heap after
{Heap after GC invocations=8 (full 0):
 garbage-first heap   total 129024K, used 18802K [0x0000000082400000, 0x0000000100000000)
  region size 1024K, 9 young (9216K), 9 survivors (9216K)
 Metaspace       used 34245K, capacity 35570K, committed 35760K, reserved 1081344K
  class space    used 4222K, capacity 4757K, committed 4864K, reserved 1048576K
}
Event: 6.718 GC heap before
{Heap before GC invocations=8 (full 0):
 garbage-first heap   total 129024K, used 30066K [0x0000000082400000, 0x0000000100000000)
  region size 1024K, 22 young (22528K), 9 survivors (9216K)
 Metaspace       used 34542K, capacity 35814K, committed 35920K, reserved 1081344K
  class space    used 4263K, capacity 4796K, committed 4864K, reserved 1048576K
}
Event: 6.728 GC heap after
{Heap after GC invocations=9 (full 0):
 garbage-first heap   total 155648K, used 18689K [0x0000000082400000, 0x0000000100000000)
  region size 1024K, 5 young (5120K), 5 survivors (5120K)
 Metaspace       used 34542K, capacity 35814K, committed 35920K, reserved 1081344K
  class space    used 4263K, capacity 4796K, committed 4864K, reserved 1048576K
}
Event: 7.526 GC heap before
{Heap before GC invocations=10 (full 0):
 garbage-first heap   total 155648K, used 102657K [0x0000000082400000, 0x0000000100000000)
  region size 1024K, 87 young (89088K), 5 survivors (5120K)
 Metaspace       used 40128K, capacity 41593K, committed 41808K, reserved 1085440K
  class space    used 5016K, capacity 5603K, committed 5632K, reserved 1048576K
}
Event: 7.537 GC heap after
{Heap after GC invocations=11 (full 0):
 garbage-first heap   total 155648K, used 23306K [0x0000000082400000, 0x0000000100000000)
  region size 1024K, 10 young (10240K), 10 survivors (10240K)
 Metaspace       used 40128K, capacity 41593K, committed 41808K, reserved 1085440K
  class space    used 5016K, capacity 5603K, committed 5632K, reserved 1048576K
}
Event: 7.886 GC heap before
{Heap before GC invocations=11 (full 0):
 garbage-first heap   total 155648K, used 106250K [0x0000000082400000, 0x0000000100000000)
  region size 1024K, 91 young (93184K), 10 survivors (10240K)
 Metaspace       used 41310K, capacity 42777K, committed 43088K, reserved 1087488K
  class space    used 5181K, capacity 5782K, committed 5888K, reserved 1048576K
}
Event: 7.901 GC heap after
{Heap after GC invocations=12 (full 0):
 garbage-first heap   total 155648K, used 26432K [0x0000000082400000, 0x0000000100000000)
  region size 1024K, 9 young (9216K), 9 survivors (9216K)
 Metaspace       used 41310K, capacity 42777K, committed 43088K, reserved 1087488K
  class space    used 5181K, capacity 5782K, committed 5888K, reserved 1048576K
}
Event: 8.646 GC heap before
{Heap before GC invocations=12 (full 0):
 garbage-first heap   total 155648K, used 110400K [0x0000000082400000, 0x0000000100000000)
  region size 1024K, 91 young (93184K), 9 survivors (9216K)
 Metaspace       used 45117K, capacity 46860K, committed 47056K, reserved 1089536K
  class space    used 5753K, capacity 6437K, committed 6528K, reserved 1048576K
}
Event: 8.668 GC heap after
{Heap after GC invocations=13 (full 0):
 garbage-first heap   total 155648K, used 33041K [0x0000000082400000, 0x0000000100000000)
  region size 1024K, 10 young (10240K), 10 survivors (10240K)
 Metaspace       used 45117K, capacity 46860K, committed 47056K, reserved 1089536K
  class space    used 5753K, capacity 6437K, committed 6528K, reserved 1048576K
}
Event: 20.161 GC heap before
{Heap before GC invocations=13 (full 0):
 garbage-first heap   total 155648K, used 114961K [0x0000000082400000, 0x0000000100000000)
  region size 1024K, 91 young (93184K), 10 survivors (10240K)
 Metaspace       used 52304K, capacity 54092K, committed 54224K, reserved 1095680K
  class space    used 6559K, capacity 7283K, committed 7296K, reserved 1048576K
}

